<?xml version="1.0" encoding="UTF-8"?>
<!-- Generated by org.testng.reporters.JUnitXMLReporter -->
<testsuite ignored="2" hostname="DESKTOP-9CBO6H9" failures="0" tests="5" name="Test1" time="0.027" errors="0" timestamp="12 Jan 2021 11:56:12 GMT">
  <testcase classname="com.testng.test.WebLogin" name="Mobile2" time="0.003"/>
  <testcase classname="com.testng.test.WebLogin" name="Mobile3" time="0.001"/>
  <testcase classname="com.testng.test.WebLogin" name="Mobilelogout" time="0.001"/>
  <testcase classname="com.testng.test.WebLogin" name="Mobilelogout" time="0.0"/>
  <testcase classname="com.testng.test.WebLogin" name="Mobilelogout" time="0.001"/>
  <testcase classname="com.testng.test.WebLogin" name="Mobile1" time="0.0">
    <ignored/>
  </testcase> <!-- Mobile1 -->
  <testcase classname="com.testng.test.WebLogin" name="FirstMethod" time="0.0">
    <ignored/>
  </testcase> <!-- FirstMethod -->
</testsuite> <!-- Test1 -->
